<?xml version="1.0" encoding="UTF-8"?>
<!-- Generated by org.testng.reporters.JUnitXMLReporter -->
<testsuite ignored="1" hostname="Shubha" failures="0" tests="4" name="Default test" time="0.026" errors="0" timestamp="06 May 2024 03:46:38 GMT">
  <testcase classname="april15.Testingprogramme" name="test01" time="0.008"/>
  <testcase classname="april15.Testingprogramme" name="test04" time="0.001"/>
  <testcase classname="april15.Testingprogramme" name="test03" time="0.001"/>
  <testcase classname="april15.Testingprogramme" name="test03" time="0.001"/>
  <testcase classname="april15.Testingprogramme" name="test02" time="0.0">
    <ignored/>
  </testcase> <!-- test02 -->
</testsuite> <!-- Default test -->
