<?xml version="1.0" encoding="UTF-8"?>
<testng-results ignored="1" total="5" passed="4" failed="0" skipped="0">
  <reporter-output>
  </reporter-output>
  <suite started-at="2024-05-06T03:46:38Z" name="Default suite" finished-at="2024-05-06T03:46:38Z" duration-ms="26">
    <groups>
    </groups>
    <test started-at="2024-05-06T03:46:38Z" name="Default test" finished-at="2024-05-06T03:46:38Z" duration-ms="26">
      <class name="april15.Testingprogramme">
        <test-method signature="test01()[pri:1, instance:april15.Testingprogramme@909217e]" started-at="2024-05-06T09:16:38Z" name="test01" finished-at="2024-05-06T09:16:38Z" duration-ms="8" status="PASS">
          <reporter-output>
          </reporter-output>
        </test-method> <!-- test01 -->
        <test-method signature="test04()[pri:3, instance:april15.Testingprogramme@909217e]" started-at="2024-05-06T09:16:38Z" name="test04" finished-at="2024-05-06T09:16:38Z" duration-ms="1" status="PASS">
          <reporter-output>
          </reporter-output>
        </test-method> <!-- test04 -->
        <test-method signature="test03()[pri:4, instance:april15.Testingprogramme@909217e]" started-at="2024-05-06T09:16:38Z" name="test03" finished-at="2024-05-06T09:16:38Z" duration-ms="1" status="PASS">
          <reporter-output>
          </reporter-output>
        </test-method> <!-- test03 -->
        <test-method signature="test03()[pri:4, instance:april15.Testingprogramme@909217e]" started-at="2024-05-06T09:16:38Z" name="test03" finished-at="2024-05-06T09:16:38Z" duration-ms="1" status="PASS">
          <reporter-output>
          </reporter-output>
        </test-method> <!-- test03 -->
      </class> <!-- april15.Testingprogramme -->
    </test> <!-- Default test -->
  </suite> <!-- Default suite -->
</testng-results>
